[INFO] Scanning for projects...
[WARNING] 
[WARNING] Some problems were encountered while building the effective model for NumpyNinja:DSportalApplication:jar:0.0.1-SNAPSHOT
[WARNING] 'build.plugins.plugin.version' for org.apache.maven.plugins:maven-compiler-plugin is missing. @ line 15, column 9
[WARNING] 
[WARNING] It is highly recommended to fix these problems because they threaten the stability of your build.
[WARNING] 
[WARNING] For this reason, future Maven versions might no longer support building such malformed projects.
[WARNING] 
[INFO] 
[INFO] -------------------< NumpyNinja:DSportalApplication >-------------------
[INFO] Building DSportalApplication 0.0.1-SNAPSHOT
[INFO] --------------------------------[ jar ]---------------------------------
[INFO] 
[INFO] --- maven-clean-plugin:2.5:clean (default-clean) @ DSportalApplication ---
[INFO] Deleting /Users/shwethamohanpulle/Documents/Projects/DSportalApplication/target
[INFO] 
[INFO] --- maven-resources-plugin:2.6:resources (default-resources) @ DSportalApplication ---
[INFO] Using 'UTF-8' encoding to copy filtered resources.
[INFO] Copying 0 resource
[INFO] 
[INFO] --- maven-compiler-plugin:3.1:compile (default-compile) @ DSportalApplication ---
[INFO] Changes detected - recompiling the module!
[INFO] Compiling 31 source files to /Users/shwethamohanpulle/Documents/Projects/DSportalApplication/target/classes
[INFO] 
[INFO] --- maven-resources-plugin:2.6:testResources (default-testResources) @ DSportalApplication ---
[INFO] Using 'UTF-8' encoding to copy filtered resources.
[INFO] Copying 0 resource
[INFO] 
[INFO] --- maven-compiler-plugin:3.1:testCompile (default-testCompile) @ DSportalApplication ---
[INFO] Changes detected - recompiling the module!
[INFO] Compiling 3 source files to /Users/shwethamohanpulle/Documents/Projects/DSportalApplication/target/test-classes
[INFO] 
[INFO] --- maven-surefire-plugin:2.19.1:test (default-test) @ DSportalApplication ---

-------------------------------------------------------
 T E S T S
-------------------------------------------------------

Results :

Tests run: 0, Failures: 0, Errors: 0, Skipped: 0

[INFO] ------------------------------------------------------------------------
[INFO] BUILD FAILURE
[INFO] ------------------------------------------------------------------------
[INFO] Total time:  2.605 s
[INFO] Finished at: 2022-05-05T23:17:03-07:00
[INFO] ------------------------------------------------------------------------
[ERROR] Failed to execute goal org.apache.maven.plugins:maven-surefire-plugin:2.19.1:test (default-test) on project DSportalApplication: Execution default-test of goal org.apache.maven.plugins:maven-surefire-plugin:2.19.1:test failed: The forked VM terminated without properly saying goodbye. VM crash or System.exit called?
[ERROR] Command was /bin/sh -c cd /Users/shwethamohanpulle/Documents/Projects/DSportalApplication && /Library/Java/JavaVirtualMachines/jdk-11.0.14.jdk/Contents/Home/bin/java -javaagent:/Users/shwethamohanpulle/.m2/repository/org/aspectj/aspectjweaver/1.8.10/aspectjweaver-1.8.10.jar org.apache.maven.surefire.booter.ForkedBooter /Users/shwethamohanpulle/Documents/Projects/DSportalApplication/target/surefire/surefire2402563722291681122tmp /Users/shwethamohanpulle/Documents/Projects/DSportalApplication/target/surefire/surefire_010976975677819691235tmp
[ERROR] -> [Help 1]
[ERROR] 
[ERROR] To see the full stack trace of the errors, re-run Maven with the -e switch.
[ERROR] Re-run Maven using the -X switch to enable full debug logging.
[ERROR] 
[ERROR] For more information about the errors and possible solutions, please read the following articles:
[ERROR] [Help 1] http://cwiki.apache.org/confluence/display/MAVEN/PluginExecutionException
