<?xml version="1.0" encoding="UTF-8"?>
<!-- Generated by org.testng.reporters.JUnitXMLReporter -->
<testsuite ignored="0" hostname="Shwethas-MacBook-Pro.local" failures="1" tests="23" name="DSPortal Heroku Application tree Test Cases " time="25.492" errors="0" timestamp="2022-05-15T15:24:54 PDT">
  <testcase classname="com.dsalgo.qa.testcases.TreeTest" name="portalTest" time="1.56"/>
  <testcase classname="com.dsalgo.qa.testcases.TreeTest" name="loginTest" time="0.691"/>
  <testcase classname="com.dsalgo.qa.testcases.TreeTest" name="loginTest" time="1.117"/>
  <testcase classname="com.dsalgo.qa.testcases.TreeTest" name="treeTest" time="0.171">
    <skipped/>
  </testcase> <!-- treeTest -->
  <testcase classname="com.dsalgo.qa.testcases.TreeTest" name="treeTest" time="0.162">
    <skipped/>
  </testcase> <!-- treeTest -->
  <testcase classname="com.dsalgo.qa.testcases.TreeTest" name="treeTest" time="0.168">
    <skipped/>
  </testcase> <!-- treeTest -->
  <testcase classname="com.dsalgo.qa.testcases.TreeTest" name="treeTest" time="0.17">
    <failure type="java.lang.AssertionError" message="expected [Tree12345] but found [Tree]">
      <![CDATA[java.lang.AssertionError: expected [Tree12345] but found [Tree]
at com.dsalgo.qa.testcases.TreeTest.treeTest(TreeTest.java:149)
at java.base/java.util.ArrayList.forEach(ArrayList.java:1540)
... Removed 33 stack frames]]>
    </failure>
  </testcase> <!-- treeTest -->
  <testcase classname="com.dsalgo.qa.testcases.TreeTest" name="treeLink1Test" time="1.636"/>
  <testcase classname="com.dsalgo.qa.testcases.TreeTest" name="link1EditorTest" time="0.907"/>
  <testcase classname="com.dsalgo.qa.testcases.TreeTest" name="treelink2Test" time="0.903"/>
  <testcase classname="com.dsalgo.qa.testcases.TreeTest" name="link2EditorTest" time="0.87"/>
  <testcase classname="com.dsalgo.qa.testcases.TreeTest" name="treelink3Test" time="0.984"/>
  <testcase classname="com.dsalgo.qa.testcases.TreeTest" name="link3EditorTest" time="0.963"/>
  <testcase classname="com.dsalgo.qa.testcases.TreeTest" name="treelink4Test" time="0.872"/>
  <testcase classname="com.dsalgo.qa.testcases.TreeTest" name="link4EditorTest" time="0.772"/>
  <testcase classname="com.dsalgo.qa.testcases.TreeTest" name="treelink5Test" time="0.908"/>
  <testcase classname="com.dsalgo.qa.testcases.TreeTest" name="link5EditorTest" time="0.87"/>
  <testcase classname="com.dsalgo.qa.testcases.TreeTest" name="treelink6Test" time="0.942"/>
  <testcase classname="com.dsalgo.qa.testcases.TreeTest" name="link6EditorTest" time="0.823"/>
  <testcase classname="com.dsalgo.qa.testcases.TreeTest" name="treelink7Test" time="1.012"/>
  <testcase classname="com.dsalgo.qa.testcases.TreeTest" name="link7EditorTest" time="0.934"/>
  <testcase classname="com.dsalgo.qa.testcases.TreeTest" name="treelink8Test" time="1.233"/>
  <testcase classname="com.dsalgo.qa.testcases.TreeTest" name="link8EditorTest" time="1.277"/>
</testsuite> <!-- DSPortal Heroku Application tree Test Cases  -->
