<?xml version="1.0" encoding="UTF-8"?>
<!-- Generated by org.testng.reporters.JUnitXMLReporter -->
<testsuite ignored="0" hostname="Shwethas-MacBook-Pro.local" failures="1" tests="23" name="DSPortal Heroku Application tree Test Cases " time="27.961" errors="0" timestamp="2022-05-16T12:47:28 PDT">
  <testcase classname="com.dsalgo.qa.testcases.TreeTest" name="portalTest" time="1.796"/>
  <testcase classname="com.dsalgo.qa.testcases.TreeTest" name="loginTest" time="0.631"/>
  <testcase classname="com.dsalgo.qa.testcases.TreeTest" name="loginTest" time="1.136"/>
  <testcase classname="com.dsalgo.qa.testcases.TreeTest" name="treeTest" time="0.188">
    <skipped/>
  </testcase> <!-- treeTest -->
  <testcase classname="com.dsalgo.qa.testcases.TreeTest" name="treeTest" time="0.176">
    <skipped/>
  </testcase> <!-- treeTest -->
  <testcase classname="com.dsalgo.qa.testcases.TreeTest" name="treeTest" time="0.202">
    <skipped/>
  </testcase> <!-- treeTest -->
  <testcase classname="com.dsalgo.qa.testcases.TreeTest" name="treeTest" time="0.182">
    <failure type="java.lang.AssertionError" message="expected [Tree12345] but found [Tree]">
      <![CDATA[java.lang.AssertionError: expected [Tree12345] but found [Tree]
at com.dsalgo.qa.testcases.TreeTest.treeTest(TreeTest.java:149)
at java.base/java.util.ArrayList.forEach(ArrayList.java:1541)
... Removed 37 stack frames]]>
    </failure>
  </testcase> <!-- treeTest -->
  <testcase classname="com.dsalgo.qa.testcases.TreeTest" name="treeLink1Test" time="1.635"/>
  <testcase classname="com.dsalgo.qa.testcases.TreeTest" name="link1EditorTest" time="0.945"/>
  <testcase classname="com.dsalgo.qa.testcases.TreeTest" name="treelink2Test" time="0.956"/>
  <testcase classname="com.dsalgo.qa.testcases.TreeTest" name="link2EditorTest" time="0.895"/>
  <testcase classname="com.dsalgo.qa.testcases.TreeTest" name="treelink3Test" time="1.242"/>
  <testcase classname="com.dsalgo.qa.testcases.TreeTest" name="link3EditorTest" time="1.75"/>
  <testcase classname="com.dsalgo.qa.testcases.TreeTest" name="treelink4Test" time="1.019"/>
  <testcase classname="com.dsalgo.qa.testcases.TreeTest" name="link4EditorTest" time="0.889"/>
  <testcase classname="com.dsalgo.qa.testcases.TreeTest" name="treelink5Test" time="1.076"/>
  <testcase classname="com.dsalgo.qa.testcases.TreeTest" name="link5EditorTest" time="1.001"/>
  <testcase classname="com.dsalgo.qa.testcases.TreeTest" name="treelink6Test" time="1.132"/>
  <testcase classname="com.dsalgo.qa.testcases.TreeTest" name="link6EditorTest" time="0.976"/>
  <testcase classname="com.dsalgo.qa.testcases.TreeTest" name="treelink7Test" time="1.205"/>
  <testcase classname="com.dsalgo.qa.testcases.TreeTest" name="link7EditorTest" time="0.914"/>
  <testcase classname="com.dsalgo.qa.testcases.TreeTest" name="treelink8Test" time="1.239"/>
  <testcase classname="com.dsalgo.qa.testcases.TreeTest" name="link8EditorTest" time="0.91"/>
</testsuite> <!-- DSPortal Heroku Application tree Test Cases  -->
