<?xml version="1.0" encoding="UTF-8"?>
<!-- Generated by org.testng.reporters.JUnitXMLReporter -->
<testsuite ignored="0" hostname="Shwethas-MacBook-Pro.local" failures="0" tests="3" name="DSPortal Heroku Application Data Structue Test Cases" time="13.246" errors="0" timestamp="2022-05-16T12:47:41 PDT">
  <testcase classname="com.dsalgo.qa.testcases.DataStructurePageTest" name="firstlinkTest" time="2.685"/>
  <testcase classname="com.dsalgo.qa.testcases.DataStructurePageTest" name="loginTest" time="0.006"/>
  <testcase classname="com.dsalgo.qa.testcases.DataStructurePageTest" name="moduleTest" time="0.572"/>
</testsuite> <!-- DSPortal Heroku Application Data Structue Test Cases -->
